<?xml version="1.0" encoding="UTF-8"?>
<!-- Generated by org.testng.reporters.JUnitXMLReporter -->
<testsuite ignored="0" hostname="DESKTOP-RA01EM1" failures="0" tests="3" name="Default test" time="51.72" errors="0" timestamp="2023-05-06T13:05:48 IST">
  <testcase classname="testcases.parallal" name="method1" time="18.242"/>
  <testcase classname="testcases.parallal" name="method2" time="30.66"/>
  <testcase classname="testcases.parallal" name="method3" time="2.526"/>
</testsuite> <!-- Default test -->
