<?xml version="1.0" encoding="UTF-8"?>
<testng-results ignored="0" total="1" passed="1" failed="0" skipped="0">
  <reporter-output>
  </reporter-output>
  <suite started-at="2023-05-01T22:07:14 IST" name="Default suite" finished-at="2023-05-01T22:07:49 IST" duration-ms="35066">
    <groups>
    </groups>
    <test started-at="2023-05-01T22:07:14 IST" name="Default test" finished-at="2023-05-01T22:07:49 IST" duration-ms="35066">
      <class name="practice.excel">
        <test-method is-config="true" signature="launchbrowser()[pri:0, instance:practice.excel@479d31f3]" started-at="2023-05-01T22:07:14 IST" name="launchbrowser" finished-at="2023-05-01T22:07:22 IST" duration-ms="8334" status="PASS">
          <reporter-output>
          </reporter-output>
        </test-method> <!-- launchbrowser -->
        <test-method signature="loginexcel()[pri:0, instance:practice.excel@479d31f3]" started-at="2023-05-01T22:07:22 IST" name="loginexcel" finished-at="2023-05-01T22:07:49 IST" duration-ms="26579" status="PASS">
          <reporter-output>
          </reporter-output>
        </test-method> <!-- loginexcel -->
      </class> <!-- practice.excel -->
    </test> <!-- Default test -->
  </suite> <!-- Default suite -->
</testng-results>
