<?xml version="1.0" encoding="UTF-8"?>
<testng-results ignored="0" total="3" passed="3" failed="0" skipped="0">
  <reporter-output>
  </reporter-output>
  <suite started-at="2023-05-06T13:04:56 IST" name="Default suite" finished-at="2023-05-06T13:05:47 IST" duration-ms="51720">
    <groups>
    </groups>
    <test started-at="2023-05-06T13:04:56 IST" name="Default test" finished-at="2023-05-06T13:05:47 IST" duration-ms="51720">
      <class name="testcases.parallal">
        <test-method signature="method1()[pri:0, instance:testcases.parallal@291ae]" started-at="2023-05-06T13:04:56 IST" name="method1" finished-at="2023-05-06T13:05:14 IST" duration-ms="18242" status="PASS">
          <reporter-output>
          </reporter-output>
        </test-method> <!-- method1 -->
        <test-method signature="method2()[pri:0, instance:testcases.parallal@291ae]" started-at="2023-05-06T13:05:14 IST" name="method2" finished-at="2023-05-06T13:05:45 IST" duration-ms="30660" status="PASS">
          <reporter-output>
          </reporter-output>
        </test-method> <!-- method2 -->
        <test-method signature="method3()[pri:0, instance:testcases.parallal@291ae]" started-at="2023-05-06T13:05:45 IST" name="method3" finished-at="2023-05-06T13:05:47 IST" duration-ms="2526" status="PASS">
          <reporter-output>
          </reporter-output>
        </test-method> <!-- method3 -->
      </class> <!-- testcases.parallal -->
    </test> <!-- Default test -->
  </suite> <!-- Default suite -->
</testng-results>
